Sender: LSF System <lsfadmin@nodecn113>
Subject: Job 95063416[5]: <res[1-5]> in cluster <hpcf_research_cluster> Done

Job <res[1-5]> was submitted from host <nodecn208> by user <yli11> in cluster <hpcf_research_cluster> at Tue Jan 21 16:37:29 2020.
Job was executed on host(s) <nodecn113>, in queue <rhel7_priority>, as user <yli11> in cluster <hpcf_research_cluster> at Tue Jan 21 16:37:40 2020.
</home/yli11> was used as the home directory.
</home/yli11/Projects/Li_gRNA/ABE_NonCoding_functional_score/per_A_base_score/HbF_score_classification/add_more_A> was used as the working directory.
Started at Tue Jan 21 16:37:40 2020.
Terminated at Tue Jan 21 16:46:05 2020.
Results reported at Tue Jan 21 16:46:05 2020.

Your job looked like:

------------------------------------------------------------
# LSBATCH: User input


#BSUB -P sliding_yli11_2020-01-16_9be5ced05ab5
#BSUB -o sliding_yli11_2020-01-16_9be5ced05ab5/log_files/res_%J_%I.out -e sliding_yli11_2020-01-16_9be5ced05ab5/log_files/res_%J_%I.err
#BSUB -n 1
#BSUB -q rhel7_priority
#BSUB -R "span[hosts=1] rusage[mem=16000]"
#BSUB -J "res[1-5]"



module purge

id=$LSB_JOBINDEX
COL1=`head -n $id input.list|tail -n1|awk -F "	" '{print $1}'`
COL2=`head -n $id input.list|tail -n1|awk -F "	" '{print $2}'`
COL3=`head -n $id input.list|tail -n1|awk -F "	" '{print $3}'`
COL4=`head -n $id input.list|tail -n1|awk -F "	" '{print $4}'`
COL5=`head -n $id input.list|tail -n1|awk -F "	" '{print $5}'`
COL6=`head -n $id input.list|tail -n1|awk -F "	" '{print $6}'`
COL7=`head -n $id input.list|tail -n1|awk -F "	" '{print $7}'`
COL8=`head -n $id input.list|tail -n1|awk -F "	" '{print $8}'`
COL9=`head -n $id input.list|tail -n1|awk -F "	" '{print $9}'`
LINE=`head -n $id input.list|tail -n1`

ncore=1
mem=4000
module load conda3
source activate py2
./main_classification3.py ${COL1}


------------------------------------------------------------

Successfully completed.

Resource usage summary:

    CPU time :                                   6277.20 sec.
    Max Memory :                                 5058 MB
    Average Memory :                             3984.17 MB
    Total Requested Memory :                     16000.00 MB
    Delta Memory :                               10942.00 MB
    Max Swap :                                   -
    Max Processes :                              87
    Max Threads :                                1184
    Run time :                                   504 sec.
    Turnaround time :                            516 sec.

The output (if any) follows:

distance 500
Negative Size: (9268,)
Positive Size: (313,)
After removing positive A neighbors
Negative Size: (3255,)
Positive Size: (313,)
0
count    3255.000000
mean        2.329645
std         2.157912
min        -0.000000
25%         0.442264
50%         1.925301
75%         3.602762
max         9.977535
Name: HbFBase, dtype: float64
1
count    313.000000
mean      89.007431
std       75.973132
min       30.166657
25%       39.841887
50%       55.674643
75%      113.903460
max      305.465869
Name: HbFBase, dtype: float64
all features size: (3568, 116)
epi features size: (3568, 16)
TFBS features size: (3568, 100)
RF:all 0.7010314182953672
          x    y
0       0.0  0.0
77000   0.0  0.0
348000  0.0  0.0
78000   0.0  0.0
79000   0.0  0.0
RF:TFBS 0.6754551604580743
          x    y
0       0.0  0.0
77000   0.0  0.0
348000  0.0  0.0
78000   0.0  0.0
79000   0.0  0.0
RF:Epi 0.6794923962402543
          x    y
0       0.0  0.0
77000   0.0  0.0
348000  0.0  0.0
78000   0.0  0.0
79000   0.0  0.0
DeepSEA 0.5368165963588479
          x    y
0       0.0  0.0
77000   0.0  0.0
348000  0.0  0.0
78000   0.0  0.0
79000   0.0  0.0
CADD 0.5774400193615695
          x    y
0       0.0  0.0
77000   0.0  0.0
348000  0.0  0.0
78000   0.0  0.0
79000   0.0  0.0
          x    y
0  0.000000  1.0
1  0.001001  1.0
2  0.002002  1.0
3  0.003003  1.0
4  0.004004  1.0
          x    y
0  0.000000  1.0
1  0.001001  1.0
2  0.002002  1.0
3  0.003003  1.0
4  0.004004  1.0
          x    y
0  0.000000  1.0
1  0.001001  1.0
2  0.002002  1.0
3  0.003003  1.0
4  0.004004  1.0
          x    y
0  0.000000  1.0
1  0.001001  1.0
2  0.002002  1.0
3  0.003003  1.0
4  0.004004  1.0
          x    y
0  0.000000  1.0
1  0.001001  1.0
2  0.002002  1.0
3  0.003003  1.0
4  0.004004  1.0


PS:

Read file <sliding_yli11_2020-01-16_9be5ced05ab5/log_files/res_95063416_5.err> for stderr output of this job.

