Sender: LSF System <lsfadmin@nodecn248>
Subject: Job 94628660[5]: <res[1-5]> in cluster <hpcf_research_cluster> Done

Job <res[1-5]> was submitted from host <nodecn261> by user <yli11> in cluster <hpcf_research_cluster> at Fri Jan 17 13:52:41 2020.
Job was executed on host(s) <nodecn248>, in queue <rhel7_priority>, as user <yli11> in cluster <hpcf_research_cluster> at Fri Jan 17 13:52:43 2020.
</home/yli11> was used as the home directory.
</home/yli11/dirs/add_more_A> was used as the working directory.
Started at Fri Jan 17 13:52:43 2020.
Terminated at Fri Jan 17 13:56:40 2020.
Results reported at Fri Jan 17 13:56:40 2020.

Your job looked like:

------------------------------------------------------------
# LSBATCH: User input


#BSUB -P sliding_yli11_2020-01-16_9be5ced05ab5
#BSUB -o sliding_yli11_2020-01-16_9be5ced05ab5/log_files/res_%J_%I.out -e sliding_yli11_2020-01-16_9be5ced05ab5/log_files/res_%J_%I.err
#BSUB -n 1
#BSUB -q rhel7_priority
#BSUB -R "span[hosts=1] rusage[mem=16000]"
#BSUB -J "res[1-5]"



module purge

id=$LSB_JOBINDEX
COL1=`head -n $id input.list|tail -n1|awk -F "	" '{print $1}'`
COL2=`head -n $id input.list|tail -n1|awk -F "	" '{print $2}'`
COL3=`head -n $id input.list|tail -n1|awk -F "	" '{print $3}'`
COL4=`head -n $id input.list|tail -n1|awk -F "	" '{print $4}'`
COL5=`head -n $id input.list|tail -n1|awk -F "	" '{print $5}'`
COL6=`head -n $id input.list|tail -n1|awk -F "	" '{print $6}'`
COL7=`head -n $id input.list|tail -n1|awk -F "	" '{print $7}'`
COL8=`head -n $id input.list|tail -n1|awk -F "	" '{print $8}'`
COL9=`head -n $id input.list|tail -n1|awk -F "	" '{print $9}'`
LINE=`head -n $id input.list|tail -n1`

ncore=1
mem=16000
module load conda3
source activate py2
./main_classification.py ${COL1}


------------------------------------------------------------

Successfully completed.

Resource usage summary:

    CPU time :                                   3002.27 sec.
    Max Memory :                                 2782 MB
    Average Memory :                             2157.87 MB
    Total Requested Memory :                     16000.00 MB
    Delta Memory :                               13218.00 MB
    Max Swap :                                   -
    Max Processes :                              63
    Max Threads :                                828
    Run time :                                   237 sec.
    Turnaround time :                            239 sec.

The output (if any) follows:

distance 500
Negative Size: (9268,)
Positive Size: (313,)
After removing positive A neighbors
Negative Size: (3255,)
Positive Size: (313,)
0
count    3255.000000
mean        2.329645
std         2.157912
min        -0.000000
25%         0.442264
50%         1.925301
75%         3.602762
max         9.977535
Name: HbFBase, dtype: float64
1
count    313.000000
mean      89.007431
std       75.973132
min       30.166657
25%       39.841887
50%       55.674643
75%      113.903460
max      305.465869
Name: HbFBase, dtype: float64
all features size: (3568, 116)
epi features size: (3568, 16)
TFBS features size: (3568, 100)


PS:

Read file <sliding_yli11_2020-01-16_9be5ced05ab5/log_files/res_94628660_5.err> for stderr output of this job.

