Sender: LSF System <lsfadmin@nodecn263>
Subject: Job 94628660[1]: <res[1-5]> in cluster <hpcf_research_cluster> Done

Job <res[1-5]> was submitted from host <nodecn261> by user <yli11> in cluster <hpcf_research_cluster> at Fri Jan 17 13:52:41 2020.
Job was executed on host(s) <nodecn263>, in queue <rhel7_priority>, as user <yli11> in cluster <hpcf_research_cluster> at Fri Jan 17 13:52:43 2020.
</home/yli11> was used as the home directory.
</home/yli11/dirs/add_more_A> was used as the working directory.
Started at Fri Jan 17 13:52:43 2020.
Terminated at Fri Jan 17 14:01:57 2020.
Results reported at Fri Jan 17 14:01:57 2020.

Your job looked like:

------------------------------------------------------------
# LSBATCH: User input


#BSUB -P sliding_yli11_2020-01-16_9be5ced05ab5
#BSUB -o sliding_yli11_2020-01-16_9be5ced05ab5/log_files/res_%J_%I.out -e sliding_yli11_2020-01-16_9be5ced05ab5/log_files/res_%J_%I.err
#BSUB -n 1
#BSUB -q rhel7_priority
#BSUB -R "span[hosts=1] rusage[mem=16000]"
#BSUB -J "res[1-5]"



module purge

id=$LSB_JOBINDEX
COL1=`head -n $id input.list|tail -n1|awk -F "	" '{print $1}'`
COL2=`head -n $id input.list|tail -n1|awk -F "	" '{print $2}'`
COL3=`head -n $id input.list|tail -n1|awk -F "	" '{print $3}'`
COL4=`head -n $id input.list|tail -n1|awk -F "	" '{print $4}'`
COL5=`head -n $id input.list|tail -n1|awk -F "	" '{print $5}'`
COL6=`head -n $id input.list|tail -n1|awk -F "	" '{print $6}'`
COL7=`head -n $id input.list|tail -n1|awk -F "	" '{print $7}'`
COL8=`head -n $id input.list|tail -n1|awk -F "	" '{print $8}'`
COL9=`head -n $id input.list|tail -n1|awk -F "	" '{print $9}'`
LINE=`head -n $id input.list|tail -n1`

ncore=1
mem=16000
module load conda3
source activate py2
./main_classification.py ${COL1}


------------------------------------------------------------

Successfully completed.

Resource usage summary:

    CPU time :                                   3411.69 sec.
    Max Memory :                                 3036 MB
    Average Memory :                             2603.22 MB
    Total Requested Memory :                     16000.00 MB
    Delta Memory :                               12964.00 MB
    Max Swap :                                   -
    Max Processes :                              63
    Max Threads :                                680
    Run time :                                   488 sec.
    Turnaround time :                            556 sec.

The output (if any) follows:

distance 0
Negative Size: (9268,)
Positive Size: (313,)
After removing positive A neighbors
Negative Size: (9268,)
Positive Size: (313,)
0
count    9268.000000
mean        2.465425
std         2.339769
min        -0.000000
25%         0.391909
50%         1.919619
75%         3.869466
max         9.993676
Name: HbFBase, dtype: float64
1
count    313.000000
mean      89.007431
std       75.973132
min       30.166657
25%       39.841887
50%       55.674643
75%      113.903460
max      305.465869
Name: HbFBase, dtype: float64
all features size: (9581, 116)
epi features size: (9581, 16)
TFBS features size: (9581, 100)


PS:

Read file <sliding_yli11_2020-01-16_9be5ced05ab5/log_files/res_94628660_1.err> for stderr output of this job.

