Sender: LSF System <lsfadmin@nodecn225>
Subject: Job 89671387[1]: <email[1-1]> in cluster <hpcf_research_cluster> Done

Job <email[1-1]> was submitted from host <nodecn225> by user <yli11> in cluster <hpcf_research_cluster> at Wed Nov  6 11:09:03 2019.
Job was executed on host(s) <nodecn225>, in queue <standard>, as user <yli11> in cluster <hpcf_research_cluster> at Wed Nov  6 11:09:05 2019.
</home/yli11> was used as the home directory.
</home/yli11/Projects/Li_gRNA/tracks/per_locus_score_tracks> was used as the working directory.
Started at Wed Nov  6 11:09:05 2019.
Terminated at Wed Nov  6 11:09:07 2019.
Results reported at Wed Nov  6 11:09:07 2019.

Your job looked like:

------------------------------------------------------------
# LSBATCH: User input


#BSUB -P bdg_to_bw_yli11_2019-11-06
#BSUB -o bdg_to_bw_yli11_2019-11-06/log_files/email_%J_%I.out -e bdg_to_bw_yli11_2019-11-06/log_files/email_%J_%I.err
#BSUB -n 1
#BSUB -q standard
#BSUB -R "span[hosts=1] rusage[mem=4000]"
#BSUB -J "email[1-1]"

#BSUB -w "ended(89671386)"

module purge

id=$LSB_JOBINDEX
COL1=`head -n $id /research/rgs01/home/clusterHome/yli11/HemTools/utils/../share/misc/sample.tsv|tail -n1|awk -F "	" '{print $1}'`
COL2=`head -n $id /research/rgs01/home/clusterHome/yli11/HemTools/utils/../share/misc/sample.tsv|tail -n1|awk -F "	" '{print $2}'`
COL3=`head -n $id /research/rgs01/home/clusterHome/yli11/HemTools/utils/../share/misc/sample.tsv|tail -n1|awk -F "	" '{print $3}'`
COL4=`head -n $id /research/rgs01/home/clusterHome/yli11/HemTools/utils/../share/misc/sample.tsv|tail -n1|awk -F "	" '{print $4}'`
COL5=`head -n $id /research/rgs01/home/clusterHome/yli11/HemTools/utils/../share/misc/sample.tsv|tail -n1|awk -F "	" '{print $5}'`
COL6=`head -n $id /research/rgs01/home/clusterHome/yli11/HemTools/utils/../share/misc/sample.tsv|tail -n1|awk -F "	" '{print $6}'`
COL7=`head -n $id /research/rgs01/home/clusterHome/yli11/HemTools/utils/../share/misc/sample.tsv|tail -n1|awk -F "	" '{print $7}'`
COL8=`head -n $id /research/rgs01/home/clusterHome/yli11/HemTools/utils/../share/misc/sample.tsv|tail -n1|awk -F "	" '{print $8}'`
COL9=`head -n $id /research/rgs01/home/clusterHome/yli11/HemTools/utils/../share/misc/sample.tsv|tail -n1|awk -F "	" '{print $9}'`
LINE=`head -n $id /research/rgs01/home/clusterHome/yli11/HemTools/utils/../share/misc/sample.tsv|tail -n1`

module load python/2.7.13
cd bdg_to_bw_yli11_2019-11-06
send_email_v1.py -m "bdg_to_bw_yli11_2019-11-06 is finished" -j bdg_to_bw_yli11_2019-11-06


------------------------------------------------------------

Successfully completed.

Resource usage summary:

    CPU time :                                   1.85 sec.
    Max Memory :                                 23 MB
    Average Memory :                             11.50 MB
    Total Requested Memory :                     4000.00 MB
    Delta Memory :                               3977.00 MB
    Max Swap :                                   -
    Max Processes :                              4
    Max Threads :                                32
    Run time :                                   2 sec.
    Turnaround time :                            4 sec.

The output (if any) follows:



PS:

Read file <bdg_to_bw_yli11_2019-11-06/log_files/email_89671387_1.err> for stderr output of this job.

