Sender: LSF System <lsfadmin@nodegpu118>
Subject: Job 93352798[1]: <bdgToBw[1-3]> in cluster <hpcf_research_cluster> Done

Job <bdgToBw[1-3]> was submitted from host <nodecn234> by user <yli11> in cluster <hpcf_research_cluster> at Mon Dec 30 09:48:17 2019.
Job was executed on host(s) <nodegpu118>, in queue <standard>, as user <yli11> in cluster <hpcf_research_cluster> at Mon Dec 30 09:48:18 2019.
</home/yli11> was used as the home directory.
</home/yli11/Projects/Li_gRNA/tracks/per_A_score_tracks_latest> was used as the working directory.
Started at Mon Dec 30 09:48:18 2019.
Terminated at Mon Dec 30 09:48:20 2019.
Results reported at Mon Dec 30 09:48:20 2019.

Your job looked like:

------------------------------------------------------------
# LSBATCH: User input


#BSUB -P bdg_to_bw_yli11_2019-12-30
#BSUB -o bdg_to_bw_yli11_2019-12-30/log_files/bdgToBw_%J_%I.out -e bdg_to_bw_yli11_2019-12-30/log_files/bdgToBw_%J_%I.err
#BSUB -n 1
#BSUB -q standard
#BSUB -R "span[hosts=1] rusage[mem=8000]"
#BSUB -J "bdgToBw[1-3]"



module purge

id=$LSB_JOBINDEX
COL1=`head -n $id input.list|tail -n1|awk -F "	" '{print $1}'`
COL2=`head -n $id input.list|tail -n1|awk -F "	" '{print $2}'`
COL3=`head -n $id input.list|tail -n1|awk -F "	" '{print $3}'`
COL4=`head -n $id input.list|tail -n1|awk -F "	" '{print $4}'`
COL5=`head -n $id input.list|tail -n1|awk -F "	" '{print $5}'`
COL6=`head -n $id input.list|tail -n1|awk -F "	" '{print $6}'`
COL7=`head -n $id input.list|tail -n1|awk -F "	" '{print $7}'`
COL8=`head -n $id input.list|tail -n1|awk -F "	" '{print $8}'`
COL9=`head -n $id input.list|tail -n1|awk -F "	" '{print $9}'`
LINE=`head -n $id input.list|tail -n1`

ncore=1
mem=8000
myBaseName=$(basename -- ${COL1})
sort -k1,1 -k2,2n ${COL1} > bdg_to_bw_yli11_2019-12-30/${myBaseName}.sorted
cd bdg_to_bw_yli11_2019-12-30
module load ucsc/041619
bedGraphToBigWig ${myBaseName}.sorted /home/yli11/Data/Human/hg19/annotations/hg19.chrom.sizes ${myBaseName%.sorted}.bw


------------------------------------------------------------

Successfully completed.

Resource usage summary:

    CPU time :                                   0.11 sec.
    Max Memory :                                 -
    Average Memory :                             -
    Total Requested Memory :                     8000.00 MB
    Delta Memory :                               -
    Max Swap :                                   -
    Max Processes :                              1
    Max Threads :                                1
    Run time :                                   2 sec.
    Turnaround time :                            3 sec.

The output (if any) follows:



PS:

Read file <bdg_to_bw_yli11_2019-12-30/log_files/bdgToBw_93352798_1.err> for stderr output of this job.

