Sender: LSF System <lsfadmin@nodecn222>
Subject: Job 93352799[1]: <email[1-1]> in cluster <hpcf_research_cluster> Done

Job <email[1-1]> was submitted from host <nodecn234> by user <yli11> in cluster <hpcf_research_cluster> at Mon Dec 30 09:48:18 2019.
Job was executed on host(s) <nodecn222>, in queue <standard>, as user <yli11> in cluster <hpcf_research_cluster> at Mon Dec 30 09:48:23 2019.
</home/yli11> was used as the home directory.
</home/yli11/Projects/Li_gRNA/tracks/per_A_score_tracks_latest> was used as the working directory.
Started at Mon Dec 30 09:48:23 2019.
Terminated at Mon Dec 30 09:48:37 2019.
Results reported at Mon Dec 30 09:48:37 2019.

Your job looked like:

------------------------------------------------------------
# LSBATCH: User input


#BSUB -P bdg_to_bw_yli11_2019-12-30
#BSUB -o bdg_to_bw_yli11_2019-12-30/log_files/email_%J_%I.out -e bdg_to_bw_yli11_2019-12-30/log_files/email_%J_%I.err
#BSUB -n 1
#BSUB -q standard
#BSUB -R "span[hosts=1] rusage[mem=4000]"
#BSUB -J "email[1-1]"

#BSUB -w "ended(93352798)"

module purge

id=$LSB_JOBINDEX
COL1=`head -n $id /research/rgs01/home/clusterHome/yli11/HemTools/utils/../share/misc/sample.tsv|tail -n1|awk -F "	" '{print $1}'`
COL2=`head -n $id /research/rgs01/home/clusterHome/yli11/HemTools/utils/../share/misc/sample.tsv|tail -n1|awk -F "	" '{print $2}'`
COL3=`head -n $id /research/rgs01/home/clusterHome/yli11/HemTools/utils/../share/misc/sample.tsv|tail -n1|awk -F "	" '{print $3}'`
COL4=`head -n $id /research/rgs01/home/clusterHome/yli11/HemTools/utils/../share/misc/sample.tsv|tail -n1|awk -F "	" '{print $4}'`
COL5=`head -n $id /research/rgs01/home/clusterHome/yli11/HemTools/utils/../share/misc/sample.tsv|tail -n1|awk -F "	" '{print $5}'`
COL6=`head -n $id /research/rgs01/home/clusterHome/yli11/HemTools/utils/../share/misc/sample.tsv|tail -n1|awk -F "	" '{print $6}'`
COL7=`head -n $id /research/rgs01/home/clusterHome/yli11/HemTools/utils/../share/misc/sample.tsv|tail -n1|awk -F "	" '{print $7}'`
COL8=`head -n $id /research/rgs01/home/clusterHome/yli11/HemTools/utils/../share/misc/sample.tsv|tail -n1|awk -F "	" '{print $8}'`
COL9=`head -n $id /research/rgs01/home/clusterHome/yli11/HemTools/utils/../share/misc/sample.tsv|tail -n1|awk -F "	" '{print $9}'`
LINE=`head -n $id /research/rgs01/home/clusterHome/yli11/HemTools/utils/../share/misc/sample.tsv|tail -n1`

module load python/2.7.13
cd bdg_to_bw_yli11_2019-12-30
send_email_v1.py -m "bdg_to_bw_yli11_2019-12-30 is finished" -j bdg_to_bw_yli11_2019-12-30


------------------------------------------------------------

Successfully completed.

Resource usage summary:

    CPU time :                                   3.65 sec.
    Max Memory :                                 46 MB
    Average Memory :                             23.00 MB
    Total Requested Memory :                     4000.00 MB
    Delta Memory :                               3954.00 MB
    Max Swap :                                   -
    Max Processes :                              4
    Max Threads :                                32
    Run time :                                   13 sec.
    Turnaround time :                            19 sec.

The output (if any) follows:



PS:

Read file <bdg_to_bw_yli11_2019-12-30/log_files/email_93352799_1.err> for stderr output of this job.

